<?xml version="1.0" encoding="UTF-8"?>
<testng-results ignored="0" total="1" passed="1" failed="0" skipped="0">
  <reporter-output>
  </reporter-output>
  <suite started-at="2024-02-17T18:22:22 IST" name="Default suite" finished-at="2024-02-17T18:22:22 IST" duration-ms="36">
    <groups>
    </groups>
    <test started-at="2024-02-17T18:22:22 IST" name="Default test" finished-at="2024-02-17T18:22:22 IST" duration-ms="36">
      <class name="basics.FirstClss">
        <test-method is-config="true" signature="welcome()[pri:0, instance:basics.FirstClss@25084a1e]" started-at="2024-02-17T18:22:22 IST" name="welcome" finished-at="2024-02-17T18:22:22 IST" duration-ms="6" status="PASS">
          <reporter-output>
          </reporter-output>
        </test-method> <!-- welcome -->
        <test-method signature="print()[pri:0, instance:basics.FirstClss@25084a1e]" started-at="2024-02-17T18:22:22 IST" name="print" finished-at="2024-02-17T18:22:22 IST" duration-ms="3" status="PASS">
          <reporter-output>
          </reporter-output>
        </test-method> <!-- print -->
        <test-method is-config="true" signature="bye()[pri:0, instance:basics.FirstClss@25084a1e]" started-at="2024-02-17T18:22:22 IST" name="bye" finished-at="2024-02-17T18:22:22 IST" duration-ms="0" status="PASS">
          <reporter-output>
          </reporter-output>
        </test-method> <!-- bye -->
      </class> <!-- basics.FirstClss -->
    </test> <!-- Default test -->
  </suite> <!-- Default suite -->
</testng-results>
